c:\users\smoonthcriminal\onedrive\documents\cppprojectfiles\memorytiles\memorytiles\x64\debug\vc143.pdb
c:\users\smoonthcriminal\onedrive\documents\cppprojectfiles\memorytiles\memorytiles\x64\debug\vc143.idb
c:\users\smoonthcriminal\onedrive\documents\cppprojectfiles\memorytiles\memorytiles\x64\debug\squretiles.obj
c:\users\smoonthcriminal\onedrive\documents\cppprojectfiles\memorytiles\memorytiles\x64\debug\memorytiles.obj
c:\users\smoonthcriminal\onedrive\documents\cppprojectfiles\memorytiles\memorytiles\x64\debug\memorytiles.ilk
c:\users\smoonthcriminal\onedrive\documents\cppprojectfiles\memorytiles\x64\debug\memorytiles.pdb
c:\users\smoonthcriminal\onedrive\documents\cppprojectfiles\memorytiles\memorytiles\x64\debug\memorytiles.tlog\cl.command.1.tlog
c:\users\smoonthcriminal\onedrive\documents\cppprojectfiles\memorytiles\memorytiles\x64\debug\memorytiles.tlog\cl.items.tlog
c:\users\smoonthcriminal\onedrive\documents\cppprojectfiles\memorytiles\memorytiles\x64\debug\memorytiles.tlog\cl.read.1.tlog
c:\users\smoonthcriminal\onedrive\documents\cppprojectfiles\memorytiles\memorytiles\x64\debug\memorytiles.tlog\cl.write.1.tlog
c:\users\smoonthcriminal\onedrive\documents\cppprojectfiles\memorytiles\memorytiles\x64\debug\memorytiles.tlog\link-cvtres.read.1.tlog
c:\users\smoonthcriminal\onedrive\documents\cppprojectfiles\memorytiles\memorytiles\x64\debug\memorytiles.tlog\link-cvtres.write.1.tlog
c:\users\smoonthcriminal\onedrive\documents\cppprojectfiles\memorytiles\memorytiles\x64\debug\memorytiles.tlog\link-rc.read.1.tlog
c:\users\smoonthcriminal\onedrive\documents\cppprojectfiles\memorytiles\memorytiles\x64\debug\memorytiles.tlog\link-rc.write.1.tlog
c:\users\smoonthcriminal\onedrive\documents\cppprojectfiles\memorytiles\memorytiles\x64\debug\memorytiles.tlog\link.27244-cvtres.read.1.tlog
c:\users\smoonthcriminal\onedrive\documents\cppprojectfiles\memorytiles\memorytiles\x64\debug\memorytiles.tlog\link.27244-cvtres.write.1.tlog
c:\users\smoonthcriminal\onedrive\documents\cppprojectfiles\memorytiles\memorytiles\x64\debug\memorytiles.tlog\link.27244-rc.read.1.tlog
c:\users\smoonthcriminal\onedrive\documents\cppprojectfiles\memorytiles\memorytiles\x64\debug\memorytiles.tlog\link.27244-rc.write.1.tlog
c:\users\smoonthcriminal\onedrive\documents\cppprojectfiles\memorytiles\memorytiles\x64\debug\memorytiles.tlog\link.27244.read.1.tlog
c:\users\smoonthcriminal\onedrive\documents\cppprojectfiles\memorytiles\memorytiles\x64\debug\memorytiles.tlog\link.27244.read.2.tlog
c:\users\smoonthcriminal\onedrive\documents\cppprojectfiles\memorytiles\memorytiles\x64\debug\memorytiles.tlog\link.27244.read.3.tlog
c:\users\smoonthcriminal\onedrive\documents\cppprojectfiles\memorytiles\memorytiles\x64\debug\memorytiles.tlog\link.27244.read.4.tlog
c:\users\smoonthcriminal\onedrive\documents\cppprojectfiles\memorytiles\memorytiles\x64\debug\memorytiles.tlog\link.27244.read.5.tlog
c:\users\smoonthcriminal\onedrive\documents\cppprojectfiles\memorytiles\memorytiles\x64\debug\memorytiles.tlog\link.27244.read.6.tlog
c:\users\smoonthcriminal\onedrive\documents\cppprojectfiles\memorytiles\memorytiles\x64\debug\memorytiles.tlog\link.27244.write.1.tlog
c:\users\smoonthcriminal\onedrive\documents\cppprojectfiles\memorytiles\memorytiles\x64\debug\memorytiles.tlog\link.command.1.tlog
c:\users\smoonthcriminal\onedrive\documents\cppprojectfiles\memorytiles\memorytiles\x64\debug\memorytiles.tlog\link.read.1.tlog
c:\users\smoonthcriminal\onedrive\documents\cppprojectfiles\memorytiles\memorytiles\x64\debug\memorytiles.tlog\link.read.2.tlog
c:\users\smoonthcriminal\onedrive\documents\cppprojectfiles\memorytiles\memorytiles\x64\debug\memorytiles.tlog\link.read.3.tlog
c:\users\smoonthcriminal\onedrive\documents\cppprojectfiles\memorytiles\memorytiles\x64\debug\memorytiles.tlog\link.read.4.tlog
c:\users\smoonthcriminal\onedrive\documents\cppprojectfiles\memorytiles\memorytiles\x64\debug\memorytiles.tlog\link.read.5.tlog
c:\users\smoonthcriminal\onedrive\documents\cppprojectfiles\memorytiles\memorytiles\x64\debug\memorytiles.tlog\link.read.6.tlog
c:\users\smoonthcriminal\onedrive\documents\cppprojectfiles\memorytiles\memorytiles\x64\debug\memorytiles.tlog\link.read.7.tlog
c:\users\smoonthcriminal\onedrive\documents\cppprojectfiles\memorytiles\memorytiles\x64\debug\memorytiles.tlog\link.secondary.1.tlog
c:\users\smoonthcriminal\onedrive\documents\cppprojectfiles\memorytiles\memorytiles\x64\debug\memorytiles.tlog\link.write.1.tlog
